2024-01-18 22:26:19,809 : ERROR : __main__ : GUI Crash!
Traceback (most recent call last):
  File "gui.py", line 451, in <module>
    mainwin = MainWindow()
  File "gui.py", line 438, in __init__
    self.graphsDock = GraphsDock(self.mc)
  File "gui.py", line 197, in __init__
    formLayot.addRow("Sensitivity meter",self.eWaterButton)
AttributeError: 'GraphsDock' object has no attribute 'eWaterButton'
2024-01-19 15:42:41,207 : ERROR : __main__ : GUI Crash!
Traceback (most recent call last):
  File "f:/Nir/תואר מדעי המחשב/שנה ג/סמסטר א/IOT/מטלות/מטלת סיום/Code/IOT_SMART_HOME-main/gui.py", line 451, in <module>
    mainwin = MainWindow()
  File "f:/Nir/תואר מדעי המחשב/שנה ג/סמסטר א/IOT/מטלות/מטלת סיום/Code/IOT_SMART_HOME-main/gui.py", line 438, in __init__
    self.graphsDock = GraphsDock(self.mc)
  File "f:/Nir/תואר מדעי המחשב/שנה ג/סמסטר א/IOT/מטלות/מטלת סיום/Code/IOT_SMART_HOME-main/gui.py", line 197, in __init__
    formLayot.addRow("Sensitivity meter",self.eWaterButton)
AttributeError: 'GraphsDock' object has no attribute 'eWaterButton'
2024-01-19 15:42:43,700 : ERROR : __main__ : GUI Crash!
Traceback (most recent call last):
  File "f:/Nir/תואר מדעי המחשב/שנה ג/סמסטר א/IOT/מטלות/מטלת סיום/Code/IOT_SMART_HOME-main/gui.py", line 451, in <module>
    mainwin = MainWindow()
  File "f:/Nir/תואר מדעי המחשב/שנה ג/סמסטר א/IOT/מטלות/מטלת סיום/Code/IOT_SMART_HOME-main/gui.py", line 438, in __init__
    self.graphsDock = GraphsDock(self.mc)
  File "f:/Nir/תואר מדעי המחשב/שנה ג/סמסטר א/IOT/מטלות/מטלת סיום/Code/IOT_SMART_HOME-main/gui.py", line 197, in __init__
    formLayot.addRow("Sensitivity meter",self.eWaterButton)
AttributeError: 'GraphsDock' object has no attribute 'eWaterButton'
2024-01-19 15:43:36,287 : ERROR : __main__ : GUI Crash!
Traceback (most recent call last):
  File "f:/Nir/תואר מדעי המחשב/שנה ג/סמסטר א/IOT/מטלות/מטלת סיום/Code/IOT_SMART_HOME-main/gui.py", line 451, in <module>
    mainwin = MainWindow()
  File "f:/Nir/תואר מדעי המחשב/שנה ג/סמסטר א/IOT/מטלות/מטלת סיום/Code/IOT_SMART_HOME-main/gui.py", line 438, in __init__
    self.graphsDock = GraphsDock(self.mc)
  File "f:/Nir/תואר מדעי המחשב/שנה ג/סמסטר א/IOT/מטלות/מטלת סיום/Code/IOT_SMART_HOME-main/gui.py", line 197, in __init__
    formLayot.addRow("Sensitivity meter",self.eWaterButton)
AttributeError: 'GraphsDock' object has no attribute 'eWaterButton'
2024-01-19 15:44:25,996 : ERROR : __main__ : GUI Crash!
Traceback (most recent call last):
  File "f:/Nir/תואר מדעי המחשב/שנה ג/סמסטר א/IOT/מטלות/מטלת סיום/Code/IOT_SMART_HOME-main/gui.py", line 451, in <module>
    mainwin = MainWindow()
  File "f:/Nir/תואר מדעי המחשב/שנה ג/סמסטר א/IOT/מטלות/מטלת סיום/Code/IOT_SMART_HOME-main/gui.py", line 438, in __init__
    self.graphsDock = GraphsDock(self.mc)
  File "f:/Nir/תואר מדעי המחשב/שנה ג/סמסטר א/IOT/מטלות/מטלת סיום/Code/IOT_SMART_HOME-main/gui.py", line 197, in __init__
    formLayot.addRow("Sensitivity meter",self.eWaterButton)
AttributeError: 'GraphsDock' object has no attribute 'eWaterButton'
2024-01-19 15:45:13,395 : ERROR : __main__ : GUI Crash!
Traceback (most recent call last):
  File "gui.py", line 451, in <module>
    mainwin = MainWindow()
  File "gui.py", line 438, in __init__
    self.graphsDock = GraphsDock(self.mc)
  File "gui.py", line 197, in __init__
    formLayot.addRow("Sensitivity meter",self.eWaterButton)
AttributeError: 'GraphsDock' object has no attribute 'eWaterButton'
